<?xml version="1.0" encoding="UTF-8"?>
<!-- Generated by org.testng.reporters.JUnitXMLReporter -->
<testsuite hostname="MT-PF185WZ2" ignored="0" name="Test" tests="11" failures="0" timestamp="2021-09-24T16:32:42 IST" time="94.765" errors="0">
  <testcase name="loginTest" time="14.144" classname="com.mindtree.Runner.Runner"/>
  <testcase name="SearchManyProduct" time="7.989" classname="com.mindtree.Runner.Runner"/>
  <testcase name="SearchManyProduct" time="6.26" classname="com.mindtree.Runner.Runner"/>
  <testcase name="SearchManyProduct" time="5.85" classname="com.mindtree.Runner.Runner"/>
  <testcase name="SearchManyProduct" time="4.839" classname="com.mindtree.Runner.Runner"/>
  <testcase name="SearchProduct" time="8.605" classname="com.mindtree.Runner.Runner"/>
  <testcase name="sale" time="6.85" classname="com.mindtree.Runner.Runner"/>
  <testcase name="Store" time="6.814" classname="com.mindtree.Runner.Runner"/>
  <testcase name="TvClick" time="4.11" classname="com.mindtree.Runner.Runner"/>
  <testcase name="CustomerDetails" time="10.096" classname="com.mindtree.Runner.Runner"/>
  <testcase name="AddWhislist" time="8.661" classname="com.mindtree.Runner.Runner"/>
</testsuite> <!-- Test -->
