<?xml version="1.0" encoding="UTF-8"?>
<!-- Generated by org.testng.reporters.JUnitXMLReporter -->
<testsuite hostname="MT-PF185WZ2" ignored="0" name="Test" tests="12" failures="0" timestamp="2021-09-27T10:02:41 IST" time="195.433" errors="0">
  <testcase name="loginTest" time="18.478" classname="com.mindtree.Runner.Runner"/>
  <testcase name="sale" time="38.41" classname="com.mindtree.Runner.Runner"/>
  <testcase name="SearchProduct" time="15.662" classname="com.mindtree.Runner.Runner"/>
  <testcase name="Compare" time="40.467" classname="com.mindtree.Runner.Runner"/>
  <testcase name="CustomerDetails" time="8.841" classname="com.mindtree.Runner.Runner"/>
  <testcase name="TvClick" time="6.504" classname="com.mindtree.Runner.Runner"/>
  <testcase name="Store" time="8.613" classname="com.mindtree.Runner.Runner"/>
  <testcase name="SearchManyProduct" time="6.298" classname="com.mindtree.Runner.Runner"/>
  <testcase name="SearchManyProduct" time="6.892" classname="com.mindtree.Runner.Runner"/>
  <testcase name="SearchManyProduct" time="8.326" classname="com.mindtree.Runner.Runner"/>
  <testcase name="SearchManyProduct" time="8.403" classname="com.mindtree.Runner.Runner"/>
  <testcase name="AddWhislist" time="25.02" classname="com.mindtree.Runner.Runner"/>
</testsuite> <!-- Test -->
