<?xml version="1.0" encoding="UTF-8"?>
<testsuite xmlns:xsi="http://www.w3.org/2001/XMLSchema-instance" xsi:noNamespaceSchemaLocation="https://maven.apache.org/surefire/maven-surefire-plugin/xsd/surefire-test-report.xsd" name="TestSuite" time="200.172" tests="12" errors="0" skipped="0" failures="0">
  <properties>
[...]
</properties>
  <testcase name="loginTest" classname="com.mindtree.Runner.Runner" time="18.479"/>
  <testcase name="sale" classname="com.mindtree.Runner.Runner" time="38.409"/>
  <testcase name="SearchProduct" classname="com.mindtree.Runner.Runner" time="15.662"/>
  <testcase name="Compare" classname="com.mindtree.Runner.Runner" time="40.467"/>
  <testcase name="CustomerDetails" classname="com.mindtree.Runner.Runner" time="8.841"/>
  <testcase name="TvClick" classname="com.mindtree.Runner.Runner" time="6.503"/>
  <testcase name="Store" classname="com.mindtree.Runner.Runner" time="8.613"/>
  <testcase name="SearchManyProduct" classname="com.mindtree.Runner.Runner" time="6.299"/>
  <testcase name="SearchManyProduct" classname="com.mindtree.Runner.Runner" time="6.892"/>
  <testcase name="SearchManyProduct" classname="com.mindtree.Runner.Runner" time="8.327"/>
  <testcase name="SearchManyProduct" classname="com.mindtree.Runner.Runner" time="8.404"/>
  <testcase name="AddWhislist" classname="com.mindtree.Runner.Runner" time="25.019"/>
</testsuite>