<?xml version="1.0" encoding="UTF-8"?>
<testng-results skipped="0" failed="1" ignored="0" total="12" passed="11">
  <reporter-output>
  </reporter-output>
  <suite name="Default suite" duration-ms="195462" started-at="2021-09-27T09:52:10 IST" finished-at="2021-09-27T09:55:25 IST">
    <groups>
    </groups>
    <test name="Default test" duration-ms="195462" started-at="2021-09-27T09:52:10 IST" finished-at="2021-09-27T09:55:25 IST">
      <class name="com.mindtree.Runner.Runner">
        <test-method status="PASS" signature="setup()[pri:0, instance:com.mindtree.Runner.Runner@80ec1f8]" name="setup" is-config="true" duration-ms="1886" started-at="2021-09-27T09:52:10 IST" finished-at="2021-09-27T09:52:12 IST">
          <reporter-output>
          </reporter-output>
        </test-method> <!-- setup -->
        <test-method status="PASS" signature="loginTest()[pri:1, instance:com.mindtree.Runner.Runner@80ec1f8]" name="loginTest" duration-ms="33034" started-at="2021-09-27T09:52:12 IST" finished-at="2021-09-27T09:52:45 IST">
          <reporter-output>
          </reporter-output>
        </test-method> <!-- loginTest -->
        <test-method status="PASS" signature="sale()[pri:2, instance:com.mindtree.Runner.Runner@80ec1f8]" name="sale" duration-ms="51334" started-at="2021-09-27T09:52:45 IST" finished-at="2021-09-27T09:53:36 IST">
          <reporter-output>
          </reporter-output>
        </test-method> <!-- sale -->
        <test-method status="PASS" signature="SearchProduct()[pri:3, instance:com.mindtree.Runner.Runner@80ec1f8]" name="SearchProduct" duration-ms="12974" started-at="2021-09-27T09:53:36 IST" finished-at="2021-09-27T09:53:49 IST">
          <reporter-output>
          </reporter-output>
        </test-method> <!-- SearchProduct -->
        <test-method status="PASS" signature="Compare()[pri:4, instance:com.mindtree.Runner.Runner@80ec1f8]" name="Compare" duration-ms="27774" started-at="2021-09-27T09:53:49 IST" finished-at="2021-09-27T09:54:17 IST">
          <reporter-output>
          </reporter-output>
        </test-method> <!-- Compare -->
        <test-method status="PASS" signature="CustomerDetails()[pri:5, instance:com.mindtree.Runner.Runner@80ec1f8]" name="CustomerDetails" duration-ms="4436" started-at="2021-09-27T09:54:17 IST" finished-at="2021-09-27T09:54:21 IST">
          <reporter-output>
          </reporter-output>
        </test-method> <!-- CustomerDetails -->
        <test-method status="PASS" signature="TvClick()[pri:6, instance:com.mindtree.Runner.Runner@80ec1f8]" name="TvClick" duration-ms="5173" started-at="2021-09-27T09:54:21 IST" finished-at="2021-09-27T09:54:26 IST">
          <reporter-output>
          </reporter-output>
        </test-method> <!-- TvClick -->
        <test-method status="FAIL" signature="Store()[pri:7, instance:com.mindtree.Runner.Runner@80ec1f8]" name="Store" duration-ms="5722" started-at="2021-09-27T09:54:26 IST" finished-at="2021-09-27T09:54:32 IST">
          <exception class="java.lang.AssertionError">
            <message>
              <![CDATA[expected [Urban Ladder Furniture Store - Hadapsar] but found [Urban Ladder Furniture Store - Ha2345dapsar]]]>
            </message>
            <full-stacktrace>
              <![CDATA[java.lang.AssertionError: expected [Urban Ladder Furniture Store - Hadapsar] but found [Urban Ladder Furniture Store - Ha2345dapsar]
at org.testng.Assert.fail(Assert.java:99)
at org.testng.Assert.failNotEquals(Assert.java:1037)
at org.testng.Assert.assertEqualsImpl(Assert.java:140)
at org.testng.Assert.assertEquals(Assert.java:122)
at org.testng.Assert.assertEquals(Assert.java:629)
at org.testng.Assert.assertEquals(Assert.java:639)
at com.mindtree.PageObjects.StoreProductPageObjects.CheckHead(StoreProductPageObjects.java:48)
at com.mindtree.Runner.Runner.Store(Runner.java:88)
at sun.reflect.NativeMethodAccessorImpl.invoke0(Native Method)
at sun.reflect.NativeMethodAccessorImpl.invoke(NativeMethodAccessorImpl.java:62)
at sun.reflect.DelegatingMethodAccessorImpl.invoke(DelegatingMethodAccessorImpl.java:43)
at java.lang.reflect.Method.invoke(Method.java:498)
at org.testng.internal.MethodInvocationHelper.invokeMethod(MethodInvocationHelper.java:133)
at org.testng.internal.TestInvoker.invokeMethod(TestInvoker.java:598)
at org.testng.internal.TestInvoker.invokeTestMethod(TestInvoker.java:173)
at org.testng.internal.MethodRunner.runInSequence(MethodRunner.java:46)
at org.testng.internal.TestInvoker$MethodInvocationAgent.invoke(TestInvoker.java:824)
at org.testng.internal.TestInvoker.invokeTestMethods(TestInvoker.java:146)
at org.testng.internal.TestMethodWorker.invokeTestMethods(TestMethodWorker.java:146)
at org.testng.internal.TestMethodWorker.run(TestMethodWorker.java:128)
at java.util.ArrayList.forEach(ArrayList.java:1259)
at org.testng.TestRunner.privateRun(TestRunner.java:794)
at org.testng.TestRunner.run(TestRunner.java:596)
at org.testng.SuiteRunner.runTest(SuiteRunner.java:377)
at org.testng.SuiteRunner.runSequentially(SuiteRunner.java:371)
at org.testng.SuiteRunner.privateRun(SuiteRunner.java:332)
at org.testng.SuiteRunner.run(SuiteRunner.java:276)
at org.testng.SuiteRunnerWorker.runSuite(SuiteRunnerWorker.java:53)
at org.testng.SuiteRunnerWorker.run(SuiteRunnerWorker.java:96)
at org.testng.TestNG.runSuitesSequentially(TestNG.java:1212)
at org.testng.TestNG.runSuitesLocally(TestNG.java:1134)
at org.testng.TestNG.runSuites(TestNG.java:1063)
at org.testng.TestNG.run(TestNG.java:1031)
at org.testng.remote.AbstractRemoteTestNG.run(AbstractRemoteTestNG.java:115)
at org.testng.remote.RemoteTestNG.initAndRun(RemoteTestNG.java:251)
at org.testng.remote.RemoteTestNG.main(RemoteTestNG.java:77)
]]>
            </full-stacktrace>
          </exception> <!-- java.lang.AssertionError -->
          <reporter-output>
          </reporter-output>
        </test-method> <!-- Store -->
        <test-method status="PASS" signature="SearchManyProduct(java.lang.String)[pri:8, instance:com.mindtree.Runner.Runner@80ec1f8]" name="SearchManyProduct" duration-ms="7098" started-at="2021-09-27T09:54:33 IST" data-provider="getexceldata" finished-at="2021-09-27T09:54:40 IST">
          <params>
            <param index="0">
              <value>
                <![CDATA[Bed]]>
              </value>
            </param>
          </params>
          <reporter-output>
          </reporter-output>
        </test-method> <!-- SearchManyProduct -->
        <test-method status="PASS" signature="SearchManyProduct(java.lang.String)[pri:8, instance:com.mindtree.Runner.Runner@80ec1f8]" name="SearchManyProduct" duration-ms="7162" started-at="2021-09-27T09:54:40 IST" data-provider="getexceldata" finished-at="2021-09-27T09:54:47 IST">
          <params>
            <param index="0">
              <value>
                <![CDATA[Table]]>
              </value>
            </param>
          </params>
          <reporter-output>
          </reporter-output>
        </test-method> <!-- SearchManyProduct -->
        <test-method status="PASS" signature="SearchManyProduct(java.lang.String)[pri:8, instance:com.mindtree.Runner.Runner@80ec1f8]" name="SearchManyProduct" duration-ms="6779" started-at="2021-09-27T09:54:47 IST" data-provider="getexceldata" finished-at="2021-09-27T09:54:54 IST">
          <params>
            <param index="0">
              <value>
                <![CDATA[Chair]]>
              </value>
            </param>
          </params>
          <reporter-output>
          </reporter-output>
        </test-method> <!-- SearchManyProduct -->
        <test-method status="PASS" signature="SearchManyProduct(java.lang.String)[pri:8, instance:com.mindtree.Runner.Runner@80ec1f8]" name="SearchManyProduct" duration-ms="9134" started-at="2021-09-27T09:54:54 IST" data-provider="getexceldata" finished-at="2021-09-27T09:55:03 IST">
          <params>
            <param index="0">
              <value>
                <![CDATA[Lamp]]>
              </value>
            </param>
          </params>
          <reporter-output>
          </reporter-output>
        </test-method> <!-- SearchManyProduct -->
        <test-method status="PASS" signature="AddWhislist()[pri:9, instance:com.mindtree.Runner.Runner@80ec1f8]" name="AddWhislist" duration-ms="21331" started-at="2021-09-27T09:55:03 IST" finished-at="2021-09-27T09:55:24 IST">
          <reporter-output>
          </reporter-output>
        </test-method> <!-- AddWhislist -->
        <test-method status="PASS" signature="tearDown()[pri:0, instance:com.mindtree.Runner.Runner@80ec1f8]" name="tearDown" is-config="true" duration-ms="897" started-at="2021-09-27T09:55:24 IST" finished-at="2021-09-27T09:55:25 IST">
          <reporter-output>
          </reporter-output>
        </test-method> <!-- tearDown -->
        <test-method status="PASS" signature="test()[pri:0, instance:com.mindtree.Runner.Runner@80ec1f8]" name="test" is-config="true" duration-ms="3875" started-at="2021-09-27T09:55:25 IST" finished-at="2021-09-27T09:55:29 IST">
          <reporter-output>
          </reporter-output>
        </test-method> <!-- test -->
      </class> <!-- com.mindtree.Runner.Runner -->
    </test> <!-- Default test -->
  </suite> <!-- Default suite -->
</testng-results>
